<?xml version="1.0" encoding="UTF-8"?>
<testsuite xmlns:xsi="http://www.w3.org/2001/XMLSchema-instance" xsi:noNamespaceSchemaLocation="https://maven.apache.org/surefire/maven-surefire-plugin/xsd/surefire-test-report-3.0.xsd" version="3.0" name="com.example.MySpringBootAppTests" time="5.199" tests="1" errors="0" skipped="0" failures="0">
  <properties>
[...]
</properties>
  <testcase name="contextLoads" classname="com.example.MySpringBootAppTests" time="2.086">
    <system-out><![CDATA[
  .   ____          _            __ _ _
 /\\ / ___'_ __ _ _(_)_ __  __ _ \ \ \ \
( ( )\___ | '_ | '_| | '_ \/ _` | \ \ \ \
 \\/  ___)| |_)| | | | | || (_| |  ) ) ) )
  '  |____| .__|_| |_|_| |_\__, | / / / /
 =========|_|==============|___/=/_/_/_/
 :: Spring Boot ::                (v3.1.4)

2025-04-02T10:53:33.973+05:30  INFO 17008 --- [           main] com.example.MySpringBootAppTests         : Starting MySpringBootAppTests using Java 21 with PID 17008 (started by 2389600 in C:\Users\2389600\Downloads\my-spring-boot-app)
2025-04-02T10:53:33.996+05:30 DEBUG 17008 --- [           main] com.example.MySpringBootAppTests         : Running with Spring Boot v3.1.4, Spring v6.0.12
2025-04-02T10:53:33.998+05:30  INFO 17008 --- [           main] com.example.MySpringBootAppTests         : No active profile set, falling back to 1 default profile: "default"
2025-04-02T10:53:35.161+05:30  INFO 17008 --- [           main] com.example.MySpringBootAppTests         : Started MySpringBootAppTests in 2.103 seconds (process running for 4.127)
]]></system-out>
    <system-err><![CDATA[WARNING: A Java agent has been loaded dynamically (C:\Users\2389600\.m2\repository\net\bytebuddy\byte-buddy-agent\1.14.8\byte-buddy-agent-1.14.8.jar)
WARNING: If a serviceability tool is in use, please run with -XX:+EnableDynamicAgentLoading to hide this warning
WARNING: If a serviceability tool is not in use, please run with -Djdk.instrument.traceUsage for more information
WARNING: Dynamic loading of agents will be disallowed by default in a future release
]]></system-err>
  </testcase>
</testsuite>